{"F:\\react-apps\\react-project-1\\src\\api.ts": {"path":"F:\\react-apps\\react-project-1\\src\\api.ts","statementMap":{"0":{"start":{"line":1,"column":0},"end":{"line":1,"column":26}},"1":{"start":{"line":2,"column":0},"end":{"line":2,"column":50}},"2":{"start":{"line":4,"column":18},"end":{"line":24,"column":1}},"3":{"start":{"line":5,"column":16},"end":{"line":9,"column":6}},"4":{"start":{"line":11,"column":22},"end":{"line":11,"column":44}},"5":{"start":{"line":11,"column":36},"end":{"line":11,"column":44}},"6":{"start":{"line":13,"column":19},"end":{"line":19,"column":5}},"7":{"start":{"line":14,"column":12},"end":{"line":16,"column":null}},"8":{"start":{"line":15,"column":16},"end":{"line":15,"column":null}},"9":{"start":{"line":18,"column":12},"end":{"line":18,"column":23}},"10":{"start":{"line":21,"column":4},"end":{"line":21,"column":53}},"11":{"start":{"line":23,"column":4},"end":{"line":23,"column":15}},"12":{"start":{"line":26,"column":0},"end":{"line":26,"column":25}}},"fnMap":{"0":{"name":"(anonymous_1)","decl":{"start":{"line":4,"column":18},"end":{"line":4,"column":19}},"loc":{"start":{"line":4,"column":31},"end":{"line":24,"column":1}}},"1":{"name":"(anonymous_2)","decl":{"start":{"line":11,"column":22},"end":{"line":11,"column":23}},"loc":{"start":{"line":11,"column":36},"end":{"line":11,"column":44}}},"2":{"name":"(anonymous_3)","decl":{"start":{"line":13,"column":19},"end":{"line":13,"column":20}},"loc":{"start":{"line":13,"column":27},"end":{"line":19,"column":5}}}},"branchMap":{"0":{"loc":{"start":{"line":14,"column":12},"end":{"line":16,"column":null}},"type":"if","locations":[{"start":{"line":14,"column":12},"end":{"line":16,"column":null}},{"start":{"line":14,"column":12},"end":{"line":16,"column":null}}]}},"s":{"0":2,"1":2,"2":2,"3":1,"4":1,"5":0,"6":1,"7":0,"8":0,"9":0,"10":1,"11":1,"12":2},"f":{"0":1,"1":0,"2":0},"b":{"0":[0,0]}}
,"F:\\react-apps\\react-project-1\\src\\components\\app\\app.tsx": {"path":"F:\\react-apps\\react-project-1\\src\\components\\app\\app.tsx","statementMap":{"0":{"start":{"line":1,"column":0},"end":{"line":1,"column":26}},"1":{"start":{"line":2,"column":0},"end":{"line":2,"column":48}},"2":{"start":{"line":4,"column":0},"end":{"line":4,"column":53}},"3":{"start":{"line":5,"column":0},"end":{"line":5,"column":32}},"4":{"start":{"line":7,"column":0},"end":{"line":7,"column":49}},"5":{"start":{"line":8,"column":0},"end":{"line":8,"column":85}},"6":{"start":{"line":9,"column":0},"end":{"line":9,"column":88}},"7":{"start":{"line":10,"column":0},"end":{"line":10,"column":84}},"8":{"start":{"line":11,"column":0},"end":{"line":11,"column":59}},"9":{"start":{"line":12,"column":0},"end":{"line":12,"column":56}},"10":{"start":{"line":13,"column":0},"end":{"line":13,"column":53}},"11":{"start":{"line":14,"column":0},"end":{"line":14,"column":74}},"12":{"start":{"line":15,"column":0},"end":{"line":15,"column":42}},"13":{"start":{"line":16,"column":0},"end":{"line":16,"column":74}},"14":{"start":{"line":18,"column":0},"end":{"line":18,"column":34}},"15":{"start":{"line":21,"column":35},"end":{"line":21,"column":72}},"16":{"start":{"line":22,"column":36},"end":{"line":22,"column":74}},"17":{"start":{"line":48,"column":13},"end":{"line":124,"column":2}},"18":{"start":{"line":49,"column":21},"end":{"line":52,"column":6}},"19":{"start":{"line":53,"column":34},"end":{"line":53,"column":42}},"20":{"start":{"line":55,"column":4},"end":{"line":61,"column":null}},"21":{"start":{"line":56,"column":8},"end":{"line":60,"column":null}},"22":{"start":{"line":63,"column":4},"end":{"line":65,"column":null}},"23":{"start":{"line":64,"column":8},"end":{"line":64,"column":null}},"24":{"start":{"line":67,"column":4},"end":{"line":76,"column":null}},"25":{"start":{"line":68,"column":8},"end":{"line":75,"column":null}},"26":{"start":{"line":78,"column":22},"end":{"line":121,"column":5}},"27":{"start":{"line":81,"column":49},"end":{"line":81,"column":101}},"28":{"start":{"line":83,"column":8},"end":{"line":107,"column":null}},"29":{"start":{"line":84,"column":12},"end":{"line":94,"column":14}},"30":{"start":{"line":87,"column":83},"end":{"line":91,"column":null}},"31":{"start":{"line":96,"column":12},"end":{"line":106,"column":14}},"32":{"start":{"line":99,"column":83},"end":{"line":103,"column":null}},"33":{"start":{"line":109,"column":8},"end":{"line":120,"column":10}},"34":{"start":{"line":123,"column":4},"end":{"line":123,"column":38}},"35":{"start":{"line":126,"column":24},"end":{"line":135,"column":1}},"36":{"start":{"line":127,"column":4},"end":{"line":134,"column":7}},"37":{"start":{"line":137,"column":27},"end":{"line":153,"column":2}},"38":{"start":{"line":137,"column":42},"end":{"line":153,"column":2}},"39":{"start":{"line":138,"column":30},"end":{"line":138,"column":69}},"40":{"start":{"line":140,"column":8},"end":{"line":140,"column":48}},"41":{"start":{"line":141,"column":8},"end":{"line":146,"column":null}},"42":{"start":{"line":148,"column":24},"end":{"line":148,"column":63}},"43":{"start":{"line":149,"column":22},"end":{"line":149,"column":53}},"44":{"start":{"line":150,"column":19},"end":{"line":150,"column":52}},"45":{"start":{"line":151,"column":46},"end":{"line":151,"column":90}},"46":{"start":{"line":152,"column":17},"end":{"line":152,"column":48}},"47":{"start":{"line":155,"column":22},"end":{"line":155,"column":117}},"48":{"start":{"line":157,"column":12},"end":{"line":159,"column":2}},"49":{"start":{"line":158,"column":4},"end":{"line":158,"column":28}},"50":{"start":{"line":161,"column":14},"end":{"line":161,"column":81}},"51":{"start":{"line":165,"column":13},"end":{"line":173,"column":2}},"52":{"start":{"line":166,"column":4},"end":{"line":172,"column":6}}},"fnMap":{"0":{"name":"(anonymous_1)","decl":{"start":{"line":48,"column":38},"end":{"line":48,"column":39}},"loc":{"start":{"line":48,"column":193},"end":{"line":124,"column":1}}},"1":{"name":"(anonymous_2)","decl":{"start":{"line":78,"column":22},"end":{"line":78,"column":23}},"loc":{"start":{"line":78,"column":49},"end":{"line":121,"column":5}}},"2":{"name":"(anonymous_3)","decl":{"start":{"line":87,"column":30},"end":{"line":87,"column":31}},"loc":{"start":{"line":87,"column":83},"end":{"line":91,"column":null}}},"3":{"name":"(anonymous_4)","decl":{"start":{"line":99,"column":30},"end":{"line":99,"column":31}},"loc":{"start":{"line":99,"column":83},"end":{"line":103,"column":null}}},"4":{"name":"(anonymous_5)","decl":{"start":{"line":126,"column":24},"end":{"line":126,"column":25}},"loc":{"start":{"line":126,"column":63},"end":{"line":135,"column":1}}},"5":{"name":"(anonymous_6)","decl":{"start":{"line":137,"column":27},"end":{"line":137,"column":28}},"loc":{"start":{"line":137,"column":42},"end":{"line":153,"column":2}}},"6":{"name":"(anonymous_7)","decl":{"start":{"line":138,"column":24},"end":{"line":138,"column":27}},"loc":{"start":{"line":138,"column":30},"end":{"line":138,"column":69}}},"7":{"name":"(anonymous_8)","decl":{"start":{"line":139,"column":18},"end":{"line":139,"column":19}},"loc":{"start":{"line":139,"column":133},"end":{"line":147,"column":5}}},"8":{"name":"(anonymous_9)","decl":{"start":{"line":148,"column":18},"end":{"line":148,"column":21}},"loc":{"start":{"line":148,"column":24},"end":{"line":148,"column":63}}},"9":{"name":"(anonymous_10)","decl":{"start":{"line":149,"column":16},"end":{"line":149,"column":19}},"loc":{"start":{"line":149,"column":22},"end":{"line":149,"column":53}}},"10":{"name":"(anonymous_11)","decl":{"start":{"line":150,"column":13},"end":{"line":150,"column":16}},"loc":{"start":{"line":150,"column":19},"end":{"line":150,"column":52}}},"11":{"name":"(anonymous_12)","decl":{"start":{"line":151,"column":16},"end":{"line":151,"column":17}},"loc":{"start":{"line":151,"column":46},"end":{"line":151,"column":90}}},"12":{"name":"(anonymous_13)","decl":{"start":{"line":152,"column":11},"end":{"line":152,"column":14}},"loc":{"start":{"line":152,"column":17},"end":{"line":152,"column":48}}},"13":{"name":"(anonymous_14)","decl":{"start":{"line":157,"column":22},"end":{"line":157,"column":23}},"loc":{"start":{"line":157,"column":34},"end":{"line":159,"column":1}}},"14":{"name":"(anonymous_15)","decl":{"start":{"line":165,"column":23},"end":{"line":165,"column":26}},"loc":{"start":{"line":165,"column":28},"end":{"line":173,"column":1}}}},"branchMap":{"0":{"loc":{"start":{"line":55,"column":4},"end":{"line":61,"column":null}},"type":"if","locations":[{"start":{"line":55,"column":4},"end":{"line":61,"column":null}},{"start":{"line":55,"column":4},"end":{"line":61,"column":null}}]},"1":{"loc":{"start":{"line":63,"column":4},"end":{"line":65,"column":null}},"type":"if","locations":[{"start":{"line":63,"column":4},"end":{"line":65,"column":null}},{"start":{"line":63,"column":4},"end":{"line":65,"column":null}}]},"2":{"loc":{"start":{"line":67,"column":4},"end":{"line":76,"column":null}},"type":"if","locations":[{"start":{"line":67,"column":4},"end":{"line":76,"column":null}},{"start":{"line":67,"column":4},"end":{"line":76,"column":null}}]},"3":{"loc":{"start":{"line":83,"column":8},"end":{"line":107,"column":null}},"type":"if","locations":[{"start":{"line":83,"column":8},"end":{"line":107,"column":null}},{"start":{"line":83,"column":8},"end":{"line":107,"column":null}}]}},"s":{"0":1,"1":1,"2":1,"3":1,"4":1,"5":1,"6":1,"7":1,"8":1,"9":1,"10":1,"11":1,"12":1,"13":1,"14":1,"15":1,"16":1,"17":1,"18":4,"19":4,"20":4,"21":2,"22":2,"23":0,"24":2,"25":0,"26":2,"27":2,"28":2,"29":2,"30":0,"31":0,"32":0,"33":2,"34":2,"35":1,"36":2,"37":1,"38":2,"39":0,"40":0,"41":0,"42":0,"43":0,"44":0,"45":0,"46":0,"47":1,"48":1,"49":0,"50":1,"51":1,"52":2},"f":{"0":4,"1":2,"2":0,"3":0,"4":2,"5":2,"6":0,"7":0,"8":0,"9":0,"10":0,"11":0,"12":0,"13":0,"14":2},"b":{"0":[2,2],"1":[0,2],"2":[0,2],"3":[2,0]}}
,"F:\\react-apps\\react-project-1\\src\\components\\artist-question-screen\\artist-question-screen.tsx": {"path":"F:\\react-apps\\react-project-1\\src\\components\\artist-question-screen\\artist-question-screen.tsx","statementMap":{"0":{"start":{"line":1,"column":0},"end":{"line":1,"column":26}},"1":{"start":{"line":5,"column":0},"end":{"line":5,"column":38}},"2":{"start":{"line":13,"column":13},"end":{"line":46,"column":2}},"3":{"start":{"line":14,"column":30},"end":{"line":14,"column":38}},"4":{"start":{"line":16,"column":4},"end":{"line":45,"column":6}},"5":{"start":{"line":25,"column":24},"end":{"line":40,"column":26}},"6":{"start":{"line":33,"column":51},"end":{"line":33,"column":67}}},"fnMap":{"0":{"name":"(anonymous_1)","decl":{"start":{"line":13,"column":72},"end":{"line":13,"column":73}},"loc":{"start":{"line":13,"column":113},"end":{"line":46,"column":1}}},"1":{"name":"(anonymous_2)","decl":{"start":{"line":24,"column":33},"end":{"line":24,"column":34}},"loc":{"start":{"line":24,"column":49},"end":{"line":41,"column":21}}},"2":{"name":"(anonymous_3)","decl":{"start":{"line":33,"column":45},"end":{"line":33,"column":48}},"loc":{"start":{"line":33,"column":51},"end":{"line":33,"column":67}}}},"branchMap":{},"s":{"0":3,"1":3,"2":3,"3":6,"4":6,"5":18,"6":1},"f":{"0":6,"1":18,"2":1},"b":{}}
,"F:\\react-apps\\react-project-1\\src\\components\\audio-player\\audio-player.tsx": {"path":"F:\\react-apps\\react-project-1\\src\\components\\audio-player\\audio-player.tsx","statementMap":{"0":{"start":{"line":1,"column":0},"end":{"line":1,"column":41}},"1":{"start":{"line":3,"column":0},"end":{"line":3,"column":28}},"2":{"start":{"line":19,"column":8},"end":{"line":19,"column":21}},"3":{"start":{"line":21,"column":8},"end":{"line":25,"column":10}},"4":{"start":{"line":27,"column":8},"end":{"line":27,"column":69}},"5":{"start":{"line":31,"column":24},"end":{"line":31,"column":34}},"6":{"start":{"line":32,"column":8},"end":{"line":32,"column":37}},"7":{"start":{"line":34,"column":8},"end":{"line":38,"column":10}},"8":{"start":{"line":35,"column":12},"end":{"line":37,"column":15}},"9":{"start":{"line":39,"column":8},"end":{"line":43,"column":10}},"10":{"start":{"line":40,"column":12},"end":{"line":42,"column":15}},"11":{"start":{"line":44,"column":8},"end":{"line":48,"column":10}},"12":{"start":{"line":45,"column":12},"end":{"line":47,"column":15}},"13":{"start":{"line":57,"column":8},"end":{"line":61,"column":null}},"14":{"start":{"line":58,"column":12},"end":{"line":58,"column":31}},"15":{"start":{"line":60,"column":12},"end":{"line":60,"column":32}},"16":{"start":{"line":65,"column":8},"end":{"line":65,"column":44}},"17":{"start":{"line":66,"column":8},"end":{"line":66,"column":34}},"18":{"start":{"line":67,"column":8},"end":{"line":67,"column":35}},"19":{"start":{"line":68,"column":8},"end":{"line":68,"column":39}},"20":{"start":{"line":69,"column":8},"end":{"line":69,"column":29}},"21":{"start":{"line":70,"column":8},"end":{"line":70,"column":27}},"22":{"start":{"line":74,"column":8},"end":{"line":74,"column":39}},"23":{"start":{"line":75,"column":8},"end":{"line":77,"column":11}},"24":{"start":{"line":81,"column":41},"end":{"line":81,"column":51}},"25":{"start":{"line":83,"column":8},"end":{"line":94,"column":null}},"26":{"start":{"line":16,"column":0},"end":{"line":16,"column":21}}},"fnMap":{"0":{"name":"(anonymous_6)","decl":{"start":{"line":18,"column":4},"end":{"line":18,"column":16}},"loc":{"start":{"line":18,"column":39},"end":{"line":28,"column":5}}},"1":{"name":"(anonymous_7)","decl":{"start":{"line":30,"column":4},"end":{"line":30,"column":21}},"loc":{"start":{"line":30,"column":21},"end":{"line":54,"column":5}}},"2":{"name":"(anonymous_8)","decl":{"start":{"line":34,"column":39},"end":{"line":34,"column":42}},"loc":{"start":{"line":34,"column":44},"end":{"line":38,"column":9}}},"3":{"name":"(anonymous_9)","decl":{"start":{"line":39,"column":29},"end":{"line":39,"column":32}},"loc":{"start":{"line":39,"column":34},"end":{"line":43,"column":9}}},"4":{"name":"(anonymous_10)","decl":{"start":{"line":44,"column":30},"end":{"line":44,"column":33}},"loc":{"start":{"line":44,"column":35},"end":{"line":48,"column":9}}},"5":{"name":"(anonymous_11)","decl":{"start":{"line":56,"column":4},"end":{"line":56,"column":22}},"loc":{"start":{"line":56,"column":22},"end":{"line":62,"column":5}}},"6":{"name":"(anonymous_12)","decl":{"start":{"line":64,"column":4},"end":{"line":64,"column":24}},"loc":{"start":{"line":64,"column":24},"end":{"line":71,"column":5}}},"7":{"name":"(anonymous_13)","decl":{"start":{"line":73,"column":4},"end":{"line":73,"column":22}},"loc":{"start":{"line":73,"column":22},"end":{"line":78,"column":5}}},"8":{"name":"(anonymous_14)","decl":{"start":{"line":80,"column":4},"end":{"line":80,"column":10}},"loc":{"start":{"line":80,"column":10},"end":{"line":95,"column":5}}}},"branchMap":{"0":{"loc":{"start":{"line":57,"column":8},"end":{"line":61,"column":null}},"type":"if","locations":[{"start":{"line":57,"column":8},"end":{"line":61,"column":null}},{"start":{"line":57,"column":8},"end":{"line":61,"column":null}}]},"1":{"loc":{"start":{"line":86,"column":72},"end":{"line":86,"column":79}},"type":"cond-expr","locations":[{"start":{"line":86,"column":72},"end":{"line":86,"column":79}},{"start":{"line":86,"column":82},"end":{"line":86,"column":88}}]}},"s":{"0":4,"1":4,"2":5,"3":5,"4":5,"5":5,"6":5,"7":5,"8":0,"9":5,"10":0,"11":5,"12":0,"13":2,"14":0,"15":2,"16":1,"17":1,"18":1,"19":1,"20":1,"21":1,"22":1,"23":1,"24":7,"25":7,"26":4},"f":{"0":5,"1":5,"2":0,"3":0,"4":0,"5":2,"6":1,"7":1,"8":7},"b":{"0":[0,2],"1":[1,6]}}
,"F:\\react-apps\\react-project-1\\src\\components\\authorization-screen\\authorization-screen.tsx": {"path":"F:\\react-apps\\react-project-1\\src\\components\\authorization-screen\\authorization-screen.tsx","statementMap":{"0":{"start":{"line":1,"column":0},"end":{"line":1,"column":26}},"1":{"start":{"line":4,"column":0},"end":{"line":4,"column":36}},"2":{"start":{"line":6,"column":13},"end":{"line":28,"column":2}},"3":{"start":{"line":7,"column":4},"end":{"line":27,"column":6}}},"fnMap":{"0":{"name":"(anonymous_1)","decl":{"start":{"line":6,"column":35},"end":{"line":6,"column":38}},"loc":{"start":{"line":6,"column":40},"end":{"line":28,"column":1}}}},"branchMap":{},"s":{"0":1,"1":1,"2":1,"3":3},"f":{"0":3},"b":{}}
,"F:\\react-apps\\react-project-1\\src\\components\\genre-question-screen\\genre-question-screen.tsx": {"path":"F:\\react-apps\\react-project-1\\src\\components\\genre-question-screen\\genre-question-screen.tsx","statementMap":{"0":{"start":{"line":1,"column":0},"end":{"line":1,"column":26}},"1":{"start":{"line":5,"column":0},"end":{"line":5,"column":37}},"2":{"start":{"line":15,"column":13},"end":{"line":39,"column":2}},"3":{"start":{"line":16,"column":31},"end":{"line":16,"column":39}},"4":{"start":{"line":18,"column":4},"end":{"line":38,"column":6}},"5":{"start":{"line":23,"column":20},"end":{"line":23,"column":39}},"6":{"start":{"line":24,"column":20},"end":{"line":24,"column":46}},"7":{"start":{"line":27,"column":24},"end":{"line":32,"column":26}}},"fnMap":{"0":{"name":"(anonymous_1)","decl":{"start":{"line":15,"column":70},"end":{"line":15,"column":71}},"loc":{"start":{"line":15,"column":143},"end":{"line":39,"column":1}}},"1":{"name":"(anonymous_2)","decl":{"start":{"line":22,"column":56},"end":{"line":22,"column":57}},"loc":{"start":{"line":22,"column":62},"end":{"line":25,"column":17}}},"2":{"name":"(anonymous_3)","decl":{"start":{"line":26,"column":33},"end":{"line":26,"column":34}},"loc":{"start":{"line":26,"column":47},"end":{"line":33,"column":21}}}},"branchMap":{},"s":{"0":3,"1":3,"2":3,"3":4,"4":4,"5":1,"6":1,"7":12},"f":{"0":4,"1":1,"2":12},"b":{}}
,"F:\\react-apps\\react-project-1\\src\\components\\header\\header.tsx": {"path":"F:\\react-apps\\react-project-1\\src\\components\\header\\header.tsx","statementMap":{"0":{"start":{"line":1,"column":0},"end":{"line":1,"column":26}},"1":{"start":{"line":3,"column":0},"end":{"line":3,"column":35}},"2":{"start":{"line":4,"column":0},"end":{"line":4,"column":48}},"3":{"start":{"line":5,"column":0},"end":{"line":5,"column":22}},"4":{"start":{"line":15,"column":13},"end":{"line":26,"column":2}},"5":{"start":{"line":16,"column":4},"end":{"line":25,"column":6}},"6":{"start":{"line":19,"column":63},"end":{"line":19,"column":71}},"7":{"start":{"line":20,"column":66},"end":{"line":20,"column":74}}},"fnMap":{"0":{"name":"(anonymous_1)","decl":{"start":{"line":15,"column":44},"end":{"line":15,"column":45}},"loc":{"start":{"line":15,"column":98},"end":{"line":26,"column":1}}},"1":{"name":"(anonymous_2)","decl":{"start":{"line":19,"column":57},"end":{"line":19,"column":60}},"loc":{"start":{"line":19,"column":63},"end":{"line":19,"column":71}}},"2":{"name":"(anonymous_3)","decl":{"start":{"line":20,"column":60},"end":{"line":20,"column":63}},"loc":{"start":{"line":20,"column":66},"end":{"line":20,"column":74}}}},"branchMap":{},"s":{"0":3,"1":3,"2":3,"3":3,"4":3,"5":5,"6":1,"7":1},"f":{"0":5,"1":1,"2":1},"b":{}}
,"F:\\react-apps\\react-project-1\\src\\components\\lose-screen\\lose-screen.tsx": {"path":"F:\\react-apps\\react-project-1\\src\\components\\lose-screen\\lose-screen.tsx","statementMap":{"0":{"start":{"line":1,"column":0},"end":{"line":1,"column":26}},"1":{"start":{"line":3,"column":0},"end":{"line":3,"column":38}},"2":{"start":{"line":10,"column":13},"end":{"line":30,"column":2}},"3":{"start":{"line":11,"column":4},"end":{"line":29,"column":null}}},"fnMap":{"0":{"name":"(anonymous_1)","decl":{"start":{"line":10,"column":52},"end":{"line":10,"column":53}},"loc":{"start":{"line":10,"column":75},"end":{"line":30,"column":1}}}},"branchMap":{"0":{"loc":{"start":{"line":16,"column":20},"end":{"line":18,"column":null}},"type":"cond-expr","locations":[{"start":{"line":16,"column":20},"end":{"line":18,"column":null}},{"start":{"line":21,"column":20},"end":{"line":23,"column":null}}]}},"s":{"0":3,"1":3,"2":3,"3":4},"f":{"0":4},"b":{"0":[4,0]}}
,"F:\\react-apps\\react-project-1\\src\\components\\mistakes\\mistakes.tsx": {"path":"F:\\react-apps\\react-project-1\\src\\components\\mistakes\\mistakes.tsx","statementMap":{"0":{"start":{"line":1,"column":0},"end":{"line":1,"column":26}},"1":{"start":{"line":3,"column":0},"end":{"line":3,"column":24}},"2":{"start":{"line":9,"column":13},"end":{"line":53,"column":2}},"3":{"start":{"line":11,"column":4},"end":{"line":52,"column":null}},"4":{"start":{"line":13,"column":12},"end":{"line":19,"column":14}},"5":{"start":{"line":21,"column":12},"end":{"line":27,"column":14}},"6":{"start":{"line":29,"column":12},"end":{"line":35,"column":14}},"7":{"start":{"line":37,"column":12},"end":{"line":43,"column":14}},"8":{"start":{"line":45,"column":12},"end":{"line":51,"column":14}}},"fnMap":{"0":{"name":"(anonymous_1)","decl":{"start":{"line":9,"column":48},"end":{"line":9,"column":49}},"loc":{"start":{"line":9,"column":65},"end":{"line":53,"column":1}}}},"branchMap":{"0":{"loc":{"start":{"line":12,"column":8},"end":{"line":19,"column":14}},"type":"switch","locations":[{"start":{"line":12,"column":8},"end":{"line":19,"column":14}},{"start":{"line":20,"column":8},"end":{"line":27,"column":14}},{"start":{"line":28,"column":8},"end":{"line":35,"column":14}},{"start":{"line":36,"column":8},"end":{"line":43,"column":14}},{"start":{"line":44,"column":8},"end":{"line":51,"column":14}}]}},"s":{"0":4,"1":4,"2":4,"3":4,"4":3,"5":1,"6":0,"7":0,"8":0},"f":{"0":4},"b":{"0":[3,1,0,0,0]}}
,"F:\\react-apps\\react-project-1\\src\\components\\screen-hello\\screen-hello.tsx": {"path":"F:\\react-apps\\react-project-1\\src\\components\\screen-hello\\screen-hello.tsx","statementMap":{"0":{"start":{"line":1,"column":0},"end":{"line":1,"column":26}},"1":{"start":{"line":3,"column":0},"end":{"line":3,"column":28}},"2":{"start":{"line":11,"column":13},"end":{"line":25,"column":2}},"3":{"start":{"line":12,"column":4},"end":{"line":24,"column":6}}},"fnMap":{"0":{"name":"(anonymous_1)","decl":{"start":{"line":11,"column":54},"end":{"line":11,"column":55}},"loc":{"start":{"line":11,"column":97},"end":{"line":25,"column":1}}}},"branchMap":{},"s":{"0":3,"1":3,"2":3,"3":6},"f":{"0":6},"b":{}}
,"F:\\react-apps\\react-project-1\\src\\components\\timer\\timer.tsx": {"path":"F:\\react-apps\\react-project-1\\src\\components\\timer\\timer.tsx","statementMap":{"0":{"start":{"line":1,"column":0},"end":{"line":1,"column":45}},"1":{"start":{"line":3,"column":0},"end":{"line":3,"column":21}},"2":{"start":{"line":25,"column":8},"end":{"line":25,"column":21}},"3":{"start":{"line":27,"column":8},"end":{"line":30,"column":10}},"4":{"start":{"line":32,"column":8},"end":{"line":32,"column":22}},"5":{"start":{"line":33,"column":8},"end":{"line":33,"column":45}},"6":{"start":{"line":34,"column":8},"end":{"line":34,"column":51}},"7":{"start":{"line":35,"column":8},"end":{"line":35,"column":null}},"8":{"start":{"line":36,"column":8},"end":{"line":36,"column":null}},"9":{"start":{"line":37,"column":8},"end":{"line":37,"column":29}},"10":{"start":{"line":38,"column":8},"end":{"line":38,"column":37}},"11":{"start":{"line":39,"column":8},"end":{"line":39,"column":43}},"12":{"start":{"line":40,"column":8},"end":{"line":40,"column":43}},"13":{"start":{"line":44,"column":21},"end":{"line":44,"column":41}},"14":{"start":{"line":45,"column":8},"end":{"line":45,"column":26}},"15":{"start":{"line":46,"column":19},"end":{"line":46,"column":43}},"16":{"start":{"line":48,"column":22},"end":{"line":48,"column":73}},"17":{"start":{"line":49,"column":22},"end":{"line":49,"column":61}},"18":{"start":{"line":51,"column":8},"end":{"line":51,"column":25}},"19":{"start":{"line":53,"column":8},"end":{"line":55,"column":null}},"20":{"start":{"line":54,"column":12},"end":{"line":54,"column":63}},"21":{"start":{"line":57,"column":8},"end":{"line":59,"column":null}},"22":{"start":{"line":58,"column":12},"end":{"line":58,"column":63}},"23":{"start":{"line":61,"column":8},"end":{"line":63,"column":null}},"24":{"start":{"line":62,"column":12},"end":{"line":62,"column":78}},"25":{"start":{"line":65,"column":8},"end":{"line":67,"column":null}},"26":{"start":{"line":66,"column":12},"end":{"line":66,"column":69}},"27":{"start":{"line":69,"column":8},"end":{"line":72,"column":null}},"28":{"start":{"line":70,"column":12},"end":{"line":70,"column":34}},"29":{"start":{"line":71,"column":12},"end":{"line":71,"column":60}},"30":{"start":{"line":74,"column":8},"end":{"line":77,"column":null}},"31":{"start":{"line":75,"column":12},"end":{"line":75,"column":44}},"32":{"start":{"line":76,"column":12},"end":{"line":76,"column":44}},"33":{"start":{"line":81,"column":23},"end":{"line":81,"column":46}},"34":{"start":{"line":84,"column":8},"end":{"line":88,"column":null}},"35":{"start":{"line":85,"column":12},"end":{"line":85,"column":52}},"36":{"start":{"line":87,"column":12},"end":{"line":87,"column":50}},"37":{"start":{"line":92,"column":8},"end":{"line":92,"column":40}},"38":{"start":{"line":93,"column":8},"end":{"line":93,"column":34}},"39":{"start":{"line":94,"column":8},"end":{"line":94,"column":45}},"40":{"start":{"line":95,"column":8},"end":{"line":95,"column":48}},"41":{"start":{"line":100,"column":37},"end":{"line":100,"column":47}},"42":{"start":{"line":101,"column":8},"end":{"line":101,"column":48}},"43":{"start":{"line":102,"column":8},"end":{"line":102,"column":30}},"44":{"start":{"line":103,"column":8},"end":{"line":103,"column":56}},"45":{"start":{"line":107,"column":37},"end":{"line":107,"column":47}},"46":{"start":{"line":109,"column":8},"end":{"line":111,"column":null}},"47":{"start":{"line":110,"column":12},"end":{"line":110,"column":33}},"48":{"start":{"line":113,"column":8},"end":{"line":119,"column":10}},"49":{"start":{"line":15,"column":0},"end":{"line":15,"column":21}}},"fnMap":{"0":{"name":"(anonymous_6)","decl":{"start":{"line":24,"column":4},"end":{"line":24,"column":16}},"loc":{"start":{"line":24,"column":33},"end":{"line":41,"column":5}}},"1":{"name":"(anonymous_7)","decl":{"start":{"line":43,"column":4},"end":{"line":43,"column":10}},"loc":{"start":{"line":43,"column":10},"end":{"line":78,"column":5}}},"2":{"name":"(anonymous_8)","decl":{"start":{"line":80,"column":4},"end":{"line":80,"column":13}},"loc":{"start":{"line":80,"column":13},"end":{"line":89,"column":5}}},"3":{"name":"(anonymous_9)","decl":{"start":{"line":91,"column":4},"end":{"line":91,"column":21}},"loc":{"start":{"line":91,"column":21},"end":{"line":97,"column":5}}},"4":{"name":"(anonymous_10)","decl":{"start":{"line":99,"column":4},"end":{"line":99,"column":24}},"loc":{"start":{"line":99,"column":24},"end":{"line":104,"column":5}}},"5":{"name":"(anonymous_11)","decl":{"start":{"line":106,"column":4},"end":{"line":106,"column":10}},"loc":{"start":{"line":106,"column":10},"end":{"line":120,"column":5}}}},"branchMap":{"0":{"loc":{"start":{"line":53,"column":8},"end":{"line":55,"column":null}},"type":"if","locations":[{"start":{"line":53,"column":8},"end":{"line":55,"column":null}},{"start":{"line":53,"column":8},"end":{"line":55,"column":null}}]},"1":{"loc":{"start":{"line":57,"column":8},"end":{"line":59,"column":null}},"type":"if","locations":[{"start":{"line":57,"column":8},"end":{"line":59,"column":null}},{"start":{"line":57,"column":8},"end":{"line":59,"column":null}}]},"2":{"loc":{"start":{"line":61,"column":8},"end":{"line":63,"column":null}},"type":"if","locations":[{"start":{"line":61,"column":8},"end":{"line":63,"column":null}},{"start":{"line":61,"column":8},"end":{"line":63,"column":null}}]},"3":{"loc":{"start":{"line":61,"column":12},"end":{"line":61,"column":25}},"type":"binary-expr","locations":[{"start":{"line":61,"column":12},"end":{"line":61,"column":25}},{"start":{"line":61,"column":29},"end":{"line":61,"column":41}}]},"4":{"loc":{"start":{"line":65,"column":8},"end":{"line":67,"column":null}},"type":"if","locations":[{"start":{"line":65,"column":8},"end":{"line":67,"column":null}},{"start":{"line":65,"column":8},"end":{"line":67,"column":null}}]},"5":{"loc":{"start":{"line":69,"column":8},"end":{"line":72,"column":null}},"type":"if","locations":[{"start":{"line":69,"column":8},"end":{"line":72,"column":null}},{"start":{"line":69,"column":8},"end":{"line":72,"column":null}}]},"6":{"loc":{"start":{"line":74,"column":8},"end":{"line":77,"column":null}},"type":"if","locations":[{"start":{"line":74,"column":8},"end":{"line":77,"column":null}},{"start":{"line":74,"column":8},"end":{"line":77,"column":null}}]},"7":{"loc":{"start":{"line":74,"column":12},"end":{"line":74,"column":25}},"type":"binary-expr","locations":[{"start":{"line":74,"column":12},"end":{"line":74,"column":25}},{"start":{"line":74,"column":29},"end":{"line":74,"column":42}}]},"8":{"loc":{"start":{"line":84,"column":8},"end":{"line":88,"column":null}},"type":"if","locations":[{"start":{"line":84,"column":8},"end":{"line":88,"column":null}},{"start":{"line":84,"column":8},"end":{"line":88,"column":null}}]},"9":{"loc":{"start":{"line":109,"column":8},"end":{"line":111,"column":null}},"type":"if","locations":[{"start":{"line":109,"column":8},"end":{"line":111,"column":null}},{"start":{"line":109,"column":8},"end":{"line":111,"column":null}}]},"10":{"loc":{"start":{"line":109,"column":12},"end":{"line":109,"column":28}},"type":"binary-expr","locations":[{"start":{"line":109,"column":12},"end":{"line":109,"column":28}},{"start":{"line":109,"column":32},"end":{"line":109,"column":48}}]}},"s":{"0":5,"1":5,"2":8,"3":8,"4":8,"5":8,"6":8,"7":8,"8":8,"9":8,"10":8,"11":8,"12":8,"13":0,"14":0,"15":0,"16":0,"17":0,"18":0,"19":0,"20":0,"21":0,"22":0,"23":0,"24":0,"25":0,"26":0,"27":0,"28":0,"29":0,"30":0,"31":0,"32":0,"33":0,"34":0,"35":0,"36":0,"37":8,"38":8,"39":8,"40":8,"41":1,"42":1,"43":1,"44":1,"45":9,"46":9,"47":1,"48":9,"49":5},"f":{"0":8,"1":0,"2":0,"3":8,"4":1,"5":9},"b":{"0":[0,0],"1":[0,0],"2":[0,0],"3":[0,0],"4":[0,0],"5":[0,0],"6":[0,0],"7":[0,0],"8":[0,0],"9":[1,8],"10":[9,1]}}
,"F:\\react-apps\\react-project-1\\src\\components\\win-screen\\win-screen.tsx": {"path":"F:\\react-apps\\react-project-1\\src\\components\\win-screen\\win-screen.tsx","statementMap":{"0":{"start":{"line":1,"column":0},"end":{"line":1,"column":26}},"1":{"start":{"line":3,"column":0},"end":{"line":3,"column":26}},"2":{"start":{"line":4,"column":0},"end":{"line":4,"column":58}},"3":{"start":{"line":15,"column":13},"end":{"line":47,"column":2}},"4":{"start":{"line":16,"column":21},"end":{"line":16,"column":36}},"5":{"start":{"line":18,"column":4},"end":{"line":46,"column":6}}},"fnMap":{"0":{"name":"(anonymous_1)","decl":{"start":{"line":15,"column":50},"end":{"line":15,"column":51}},"loc":{"start":{"line":15,"column":115},"end":{"line":47,"column":1}}}},"branchMap":{"0":{"loc":{"start":{"line":25,"column":20},"end":{"line":25,"column":104}},"type":"cond-expr","locations":[{"start":{"line":25,"column":20},"end":{"line":25,"column":104}},{"start":{"line":26,"column":20},"end":{"line":40,"column":null}}]}},"s":{"0":3,"1":3,"2":3,"3":3,"4":4,"5":4},"f":{"0":4},"b":{"0":[0,4]}}
,"F:\\react-apps\\react-project-1\\src\\data\\mock-data.ts": {"path":"F:\\react-apps\\react-project-1\\src\\data\\mock-data.ts","statementMap":{"0":{"start":{"line":1,"column":13},"end":{"line":102,"column":2}}},"fnMap":{},"branchMap":{},"s":{"0":1},"f":{},"b":{}}
,"F:\\react-apps\\react-project-1\\src\\hocs\\with-active-player\\with-active-player.tsx": {"path":"F:\\react-apps\\react-project-1\\src\\hocs\\with-active-player\\with-active-player.tsx","statementMap":{"0":{"start":{"line":1,"column":0},"end":{"line":1,"column":45}},"1":{"start":{"line":6,"column":0},"end":{"line":6,"column":69}},"2":{"start":{"line":16,"column":13},"end":{"line":54,"column":2}},"3":{"start":{"line":22,"column":12},"end":{"line":22,"column":25}},"4":{"start":{"line":24,"column":12},"end":{"line":26,"column":14}},"5":{"start":{"line":30,"column":12},"end":{"line":32,"column":null}},"6":{"start":{"line":30,"column":42},"end":{"line":32,"column":14}},"7":{"start":{"line":36,"column":37},"end":{"line":36,"column":47}},"8":{"start":{"line":38,"column":12},"end":{"line":49,"column":null}},"9":{"start":{"line":41,"column":20},"end":{"line":47,"column":null}},"10":{"start":{"line":45,"column":28},"end":{"line":45,"column":58}},"11":{"start":{"line":53,"column":4},"end":{"line":53,"column":28}}},"fnMap":{"0":{"name":"(anonymous_7)","decl":{"start":{"line":16,"column":32},"end":{"line":16,"column":33}},"loc":{"start":{"line":16,"column":46},"end":{"line":54,"column":1}}},"1":{"name":"(anonymous_8)","decl":{"start":{"line":21,"column":8},"end":{"line":21,"column":20}},"loc":{"start":{"line":21,"column":28},"end":{"line":27,"column":9}}},"2":{"name":"(anonymous_9)","decl":{"start":{"line":29,"column":8},"end":{"line":29,"column":29}},"loc":{"start":{"line":29,"column":39},"end":{"line":33,"column":9}}},"3":{"name":"(anonymous_10)","decl":{"start":{"line":30,"column":26},"end":{"line":30,"column":27}},"loc":{"start":{"line":30,"column":42},"end":{"line":32,"column":14}}},"4":{"name":"(anonymous_11)","decl":{"start":{"line":35,"column":8},"end":{"line":35,"column":14}},"loc":{"start":{"line":35,"column":14},"end":{"line":50,"column":9}}},"5":{"name":"(anonymous_12)","decl":{"start":{"line":40,"column":30},"end":{"line":40,"column":31}},"loc":{"start":{"line":40,"column":71},"end":{"line":48,"column":17}}},"6":{"name":"(anonymous_13)","decl":{"start":{"line":44,"column":43},"end":{"line":44,"column":46}},"loc":{"start":{"line":44,"column":48},"end":{"line":46,"column":25}}}},"branchMap":{"0":{"loc":{"start":{"line":31,"column":61},"end":{"line":31,"column":63}},"type":"cond-expr","locations":[{"start":{"line":31,"column":61},"end":{"line":31,"column":63}},{"start":{"line":31,"column":66},"end":{"line":31,"column":67}}]}},"s":{"0":2,"1":2,"2":2,"3":1,"4":1,"5":0,"6":0,"7":1,"8":1,"9":0,"10":0,"11":3},"f":{"0":3,"1":1,"2":0,"3":0,"4":1,"5":0,"6":0},"b":{"0":[0,0]}}
,"F:\\react-apps\\react-project-1\\src\\hocs\\with-user-answer\\with-user-answer.tsx": {"path":"F:\\react-apps\\react-project-1\\src\\hocs\\with-user-answer\\with-user-answer.tsx","statementMap":{"0":{"start":{"line":1,"column":0},"end":{"line":1,"column":45}},"1":{"start":{"line":10,"column":23},"end":{"line":56,"column":1}},"2":{"start":{"line":16,"column":12},"end":{"line":16,"column":25}},"3":{"start":{"line":18,"column":12},"end":{"line":20,"column":14}},"4":{"start":{"line":24,"column":12},"end":{"line":51,"column":null}},"5":{"start":{"line":28,"column":20},"end":{"line":49,"column":22}},"6":{"start":{"line":37,"column":55},"end":{"line":37,"column":81}},"7":{"start":{"line":38,"column":36},"end":{"line":38,"column":67}},"8":{"start":{"line":39,"column":36},"end":{"line":41,"column":39}},"9":{"start":{"line":55,"column":4},"end":{"line":55,"column":26}},"10":{"start":{"line":58,"column":0},"end":{"line":58,"column":30}}},"fnMap":{"0":{"name":"(anonymous_6)","decl":{"start":{"line":10,"column":23},"end":{"line":10,"column":24}},"loc":{"start":{"line":10,"column":61},"end":{"line":56,"column":1}}},"1":{"name":"(anonymous_7)","decl":{"start":{"line":15,"column":8},"end":{"line":15,"column":20}},"loc":{"start":{"line":15,"column":28},"end":{"line":21,"column":9}}},"2":{"name":"(anonymous_8)","decl":{"start":{"line":23,"column":8},"end":{"line":23,"column":14}},"loc":{"start":{"line":23,"column":14},"end":{"line":52,"column":9}}},"3":{"name":"(anonymous_9)","decl":{"start":{"line":27,"column":31},"end":{"line":27,"column":32}},"loc":{"start":{"line":27,"column":72},"end":{"line":50,"column":17}}},"4":{"name":"(anonymous_10)","decl":{"start":{"line":36,"column":42},"end":{"line":36,"column":45}},"loc":{"start":{"line":36,"column":47},"end":{"line":42,"column":33}}}},"branchMap":{},"s":{"0":2,"1":2,"2":1,"3":1,"4":1,"5":0,"6":0,"7":0,"8":0,"9":3,"10":2},"f":{"0":3,"1":1,"2":1,"3":0,"4":0},"b":{}}
,"F:\\react-apps\\react-project-1\\src\\reducer\\reducer.ts": {"path":"F:\\react-apps\\react-project-1\\src\\reducer\\reducer.ts","statementMap":{"0":{"start":{"line":3,"column":30},"end":{"line":5,"column":1}},"1":{"start":{"line":4,"column":4},"end":{"line":4,"column":54}},"2":{"start":{"line":148,"column":4},"end":{"line":148,"column":25}},"3":{"start":{"line":7,"column":29},"end":{"line":11,"column":1}},"4":{"start":{"line":8,"column":4},"end":{"line":10,"column":7}},"5":{"start":{"line":8,"column":39},"end":{"line":9,"column":null}},"6":{"start":{"line":149,"column":4},"end":{"line":149,"column":24}},"7":{"start":{"line":23,"column":39},"end":{"line":31,"column":2}},"8":{"start":{"line":33,"column":16},"end":{"line":74,"column":1}},"9":{"start":{"line":34,"column":4},"end":{"line":73,"column":null}},"10":{"start":{"line":36,"column":12},"end":{"line":38,"column":15}},"11":{"start":{"line":40,"column":12},"end":{"line":42,"column":15}},"12":{"start":{"line":44,"column":12},"end":{"line":44,"column":51}},"13":{"start":{"line":46,"column":12},"end":{"line":48,"column":15}},"14":{"start":{"line":50,"column":12},"end":{"line":52,"column":15}},"15":{"start":{"line":54,"column":12},"end":{"line":56,"column":15}},"16":{"start":{"line":58,"column":12},"end":{"line":60,"column":15}},"17":{"start":{"line":62,"column":12},"end":{"line":65,"column":15}},"18":{"start":{"line":67,"column":12},"end":{"line":70,"column":15}},"19":{"start":{"line":72,"column":12},"end":{"line":72,"column":null}},"20":{"start":{"line":150,"column":4},"end":{"line":150,"column":11}},"21":{"start":{"line":76,"column":18},"end":{"line":83,"column":2}},"22":{"start":{"line":77,"column":37},"end":{"line":82,"column":5}},"23":{"start":{"line":78,"column":8},"end":{"line":81,"column":15}},"24":{"start":{"line":80,"column":16},"end":{"line":80,"column":69}},"25":{"start":{"line":151,"column":4},"end":{"line":151,"column":13}},"26":{"start":{"line":85,"column":22},"end":{"line":144,"column":2}},"27":{"start":{"line":87,"column":8},"end":{"line":90,"column":null}},"28":{"start":{"line":93,"column":30},"end":{"line":93,"column":35}},"29":{"start":{"line":95,"column":8},"end":{"line":102,"column":10}},"30":{"start":{"line":97,"column":16},"end":{"line":97,"column":78}},"31":{"start":{"line":98,"column":16},"end":{"line":98,"column":22}},"32":{"start":{"line":100,"column":16},"end":{"line":100,"column":77}},"33":{"start":{"line":101,"column":16},"end":{"line":101,"column":22}},"34":{"start":{"line":104,"column":8},"end":{"line":108,"column":null}},"35":{"start":{"line":105,"column":12},"end":{"line":107,"column":null}},"36":{"start":{"line":110,"column":8},"end":{"line":113,"column":null}},"37":{"start":{"line":116,"column":8},"end":{"line":119,"column":null}},"38":{"start":{"line":121,"column":18},"end":{"line":123,"column":null}},"39":{"start":{"line":125,"column":8},"end":{"line":128,"column":null}},"40":{"start":{"line":131,"column":8},"end":{"line":134,"column":null}},"41":{"start":{"line":136,"column":20},"end":{"line":138,"column":null}},"42":{"start":{"line":139,"column":55},"end":{"line":143,"column":null}},"43":{"start":{"line":147,"column":4},"end":{"line":147,"column":17}}},"fnMap":{"0":{"name":"(anonymous_0)","decl":{"start":{"line":3,"column":30},"end":{"line":3,"column":31}},"loc":{"start":{"line":3,"column":89},"end":{"line":5,"column":1}}},"1":{"name":"(anonymous_1)","decl":{"start":{"line":7,"column":29},"end":{"line":7,"column":30}},"loc":{"start":{"line":7,"column":79},"end":{"line":11,"column":1}}},"2":{"name":"(anonymous_2)","decl":{"start":{"line":8,"column":28},"end":{"line":8,"column":29}},"loc":{"start":{"line":8,"column":39},"end":{"line":9,"column":null}}},"3":{"name":"(anonymous_3)","decl":{"start":{"line":33,"column":16},"end":{"line":33,"column":17}},"loc":{"start":{"line":33,"column":68},"end":{"line":74,"column":1}}},"4":{"name":"(anonymous_4)","decl":{"start":{"line":77,"column":19},"end":{"line":77,"column":34}},"loc":{"start":{"line":77,"column":37},"end":{"line":82,"column":5}}},"5":{"name":"(anonymous_5)","decl":{"start":{"line":77,"column":37},"end":{"line":77,"column":38}},"loc":{"start":{"line":77,"column":57},"end":{"line":82,"column":5}}},"6":{"name":"(anonymous_6)","decl":{"start":{"line":79,"column":18},"end":{"line":79,"column":19}},"loc":{"start":{"line":79,"column":31},"end":{"line":81,"column":13}}},"7":{"name":"(anonymous_7)","decl":{"start":{"line":86,"column":19},"end":{"line":86,"column":22}},"loc":{"start":{"line":86,"column":24},"end":{"line":91,"column":5}}},"8":{"name":"(anonymous_8)","decl":{"start":{"line":92,"column":22},"end":{"line":92,"column":23}},"loc":{"start":{"line":92,"column":100},"end":{"line":114,"column":5}}},"9":{"name":"(anonymous_9)","decl":{"start":{"line":115,"column":19},"end":{"line":115,"column":22}},"loc":{"start":{"line":115,"column":24},"end":{"line":120,"column":5}}},"10":{"name":"(anonymous_10)","decl":{"start":{"line":121,"column":11},"end":{"line":121,"column":14}},"loc":{"start":{"line":121,"column":18},"end":{"line":123,"column":null}}},"11":{"name":"(anonymous_11)","decl":{"start":{"line":124,"column":19},"end":{"line":124,"column":20}},"loc":{"start":{"line":124,"column":48},"end":{"line":129,"column":5}}},"12":{"name":"(anonymous_12)","decl":{"start":{"line":130,"column":26},"end":{"line":130,"column":27}},"loc":{"start":{"line":130,"column":47},"end":{"line":135,"column":5}}},"13":{"name":"(anonymous_13)","decl":{"start":{"line":136,"column":13},"end":{"line":136,"column":16}},"loc":{"start":{"line":136,"column":20},"end":{"line":138,"column":null}}},"14":{"name":"(anonymous_14)","decl":{"start":{"line":139,"column":16},"end":{"line":139,"column":17}},"loc":{"start":{"line":139,"column":55},"end":{"line":143,"column":null}}}},"branchMap":{"0":{"loc":{"start":{"line":33,"column":25},"end":{"line":33,"column":37}},"type":"default-arg","locations":[{"start":{"line":33,"column":25},"end":{"line":33,"column":37}}]},"1":{"loc":{"start":{"line":35,"column":8},"end":{"line":38,"column":15}},"type":"switch","locations":[{"start":{"line":35,"column":8},"end":{"line":38,"column":15}},{"start":{"line":39,"column":8},"end":{"line":42,"column":15}},{"start":{"line":43,"column":8},"end":{"line":44,"column":51}},{"start":{"line":45,"column":8},"end":{"line":48,"column":15}},{"start":{"line":49,"column":8},"end":{"line":52,"column":15}},{"start":{"line":53,"column":8},"end":{"line":56,"column":15}},{"start":{"line":57,"column":8},"end":{"line":60,"column":15}},{"start":{"line":61,"column":8},"end":{"line":65,"column":15}},{"start":{"line":66,"column":8},"end":{"line":70,"column":15}},{"start":{"line":71,"column":8},"end":{"line":72,"column":null}}]},"2":{"loc":{"start":{"line":96,"column":12},"end":{"line":98,"column":22}},"type":"switch","locations":[{"start":{"line":96,"column":12},"end":{"line":98,"column":22}},{"start":{"line":99,"column":12},"end":{"line":101,"column":22}}]},"3":{"loc":{"start":{"line":104,"column":8},"end":{"line":108,"column":null}},"type":"if","locations":[{"start":{"line":104,"column":8},"end":{"line":108,"column":null}},{"start":{"line":104,"column":8},"end":{"line":108,"column":null}}]},"4":{"loc":{"start":{"line":104,"column":12},"end":{"line":104,"column":28}},"type":"binary-expr","locations":[{"start":{"line":104,"column":12},"end":{"line":104,"column":28}},{"start":{"line":104,"column":32},"end":{"line":104,"column":59}}]},"5":{"loc":{"start":{"line":112,"column":39},"end":{"line":112,"column":40}},"type":"cond-expr","locations":[{"start":{"line":112,"column":39},"end":{"line":112,"column":40}},{"start":{"line":112,"column":43},"end":{"line":112,"column":44}}]}},"s":{"0":2,"1":5,"2":2,"3":2,"4":4,"5":13,"6":2,"7":2,"8":2,"9":8,"10":1,"11":2,"12":1,"13":2,"14":0,"15":0,"16":0,"17":0,"18":0,"19":2,"20":2,"21":2,"22":0,"23":0,"24":0,"25":2,"26":2,"27":1,"28":5,"29":5,"30":3,"31":3,"32":2,"33":2,"34":5,"35":1,"36":4,"37":1,"38":0,"39":0,"40":0,"41":0,"42":0,"43":2},"f":{"0":5,"1":4,"2":13,"3":8,"4":0,"5":0,"6":0,"7":1,"8":5,"9":1,"10":0,"11":0,"12":0,"13":0,"14":0},"b":{"0":[2],"1":[1,2,1,2,0,0,0,0,0,2],"2":[3,2],"3":[1,4],"4":[5,3],"5":[2,2]}}
}
