TN:
SF:src\api.ts
FN:4,(anonymous_1)
FN:11,(anonymous_2)
FN:13,(anonymous_3)
FNF:3
FNH:1
FNDA:1,(anonymous_1)
FNDA:0,(anonymous_2)
FNDA:0,(anonymous_3)
DA:1,2
DA:2,2
DA:4,2
DA:5,1
DA:11,1
DA:13,1
DA:14,0
DA:15,0
DA:18,0
DA:21,1
DA:23,1
DA:26,2
LF:12
LH:9
BRDA:14,0,0,0
BRDA:14,0,1,0
BRF:2
BRH:0
end_of_record
TN:
SF:src\components\app\app.tsx
FN:48,(anonymous_1)
FN:78,(anonymous_2)
FN:87,(anonymous_3)
FN:99,(anonymous_4)
FN:126,(anonymous_5)
FN:137,(anonymous_6)
FN:138,(anonymous_7)
FN:139,(anonymous_8)
FN:148,(anonymous_9)
FN:149,(anonymous_10)
FN:150,(anonymous_11)
FN:151,(anonymous_12)
FN:152,(anonymous_13)
FN:157,(anonymous_14)
FN:165,(anonymous_15)
FNF:15
FNH:5
FNDA:4,(anonymous_1)
FNDA:2,(anonymous_2)
FNDA:0,(anonymous_3)
FNDA:0,(anonymous_4)
FNDA:2,(anonymous_5)
FNDA:2,(anonymous_6)
FNDA:0,(anonymous_7)
FNDA:0,(anonymous_8)
FNDA:0,(anonymous_9)
FNDA:0,(anonymous_10)
FNDA:0,(anonymous_11)
FNDA:0,(anonymous_12)
FNDA:0,(anonymous_13)
FNDA:0,(anonymous_14)
FNDA:2,(anonymous_15)
DA:1,1
DA:2,1
DA:4,1
DA:5,1
DA:7,1
DA:8,1
DA:9,1
DA:10,1
DA:11,1
DA:12,1
DA:13,1
DA:14,1
DA:15,1
DA:16,1
DA:18,1
DA:21,1
DA:22,1
DA:48,1
DA:49,4
DA:53,4
DA:55,4
DA:56,2
DA:63,2
DA:64,0
DA:67,2
DA:68,0
DA:78,2
DA:81,2
DA:83,2
DA:84,2
DA:87,0
DA:96,0
DA:99,0
DA:109,2
DA:123,2
DA:126,1
DA:127,2
DA:137,2
DA:138,0
DA:140,0
DA:141,0
DA:148,0
DA:149,0
DA:150,0
DA:151,0
DA:152,0
DA:155,1
DA:157,1
DA:158,0
DA:161,1
DA:165,1
DA:166,2
LF:52
LH:38
BRDA:55,0,0,2
BRDA:55,0,1,2
BRDA:63,1,0,0
BRDA:63,1,1,2
BRDA:67,2,0,0
BRDA:67,2,1,2
BRDA:83,3,0,2
BRDA:83,3,1,0
BRF:8
BRH:5
end_of_record
TN:
SF:src\components\artist-question-screen\artist-question-screen.tsx
FN:13,(anonymous_1)
FN:24,(anonymous_2)
FN:33,(anonymous_3)
FNF:3
FNH:3
FNDA:6,(anonymous_1)
FNDA:18,(anonymous_2)
FNDA:1,(anonymous_3)
DA:1,3
DA:5,3
DA:13,3
DA:14,6
DA:16,6
DA:25,18
DA:33,1
LF:7
LH:7
BRF:0
BRH:0
end_of_record
TN:
SF:src\components\audio-player\audio-player.tsx
FN:18,(anonymous_6)
FN:30,(anonymous_7)
FN:34,(anonymous_8)
FN:39,(anonymous_9)
FN:44,(anonymous_10)
FN:56,(anonymous_11)
FN:64,(anonymous_12)
FN:73,(anonymous_13)
FN:80,(anonymous_14)
FNF:9
FNH:6
FNDA:5,(anonymous_6)
FNDA:5,(anonymous_7)
FNDA:0,(anonymous_8)
FNDA:0,(anonymous_9)
FNDA:0,(anonymous_10)
FNDA:2,(anonymous_11)
FNDA:1,(anonymous_12)
FNDA:1,(anonymous_13)
FNDA:7,(anonymous_14)
DA:1,4
DA:3,4
DA:16,4
DA:19,5
DA:21,5
DA:27,5
DA:31,5
DA:32,5
DA:34,5
DA:35,0
DA:39,5
DA:40,0
DA:44,5
DA:45,0
DA:57,2
DA:58,0
DA:60,2
DA:65,1
DA:66,1
DA:67,1
DA:68,1
DA:69,1
DA:70,1
DA:74,1
DA:75,1
DA:81,7
DA:83,7
LF:27
LH:23
BRDA:57,0,0,0
BRDA:57,0,1,2
BRDA:86,1,0,1
BRDA:86,1,1,6
BRF:4
BRH:3
end_of_record
TN:
SF:src\components\authorization-screen\authorization-screen.tsx
FN:6,(anonymous_1)
FNF:1
FNH:1
FNDA:3,(anonymous_1)
DA:1,1
DA:4,1
DA:6,1
DA:7,3
LF:4
LH:4
BRF:0
BRH:0
end_of_record
TN:
SF:src\components\genre-question-screen\genre-question-screen.tsx
FN:15,(anonymous_1)
FN:22,(anonymous_2)
FN:26,(anonymous_3)
FNF:3
FNH:3
FNDA:4,(anonymous_1)
FNDA:1,(anonymous_2)
FNDA:12,(anonymous_3)
DA:1,3
DA:5,3
DA:15,3
DA:16,4
DA:18,4
DA:23,1
DA:24,1
DA:27,12
LF:8
LH:8
BRF:0
BRH:0
end_of_record
TN:
SF:src\components\header\header.tsx
FN:15,(anonymous_1)
FN:19,(anonymous_2)
FN:20,(anonymous_3)
FNF:3
FNH:3
FNDA:5,(anonymous_1)
FNDA:1,(anonymous_2)
FNDA:1,(anonymous_3)
DA:1,3
DA:3,3
DA:4,3
DA:5,3
DA:15,3
DA:16,5
DA:19,1
DA:20,1
LF:8
LH:8
BRF:0
BRH:0
end_of_record
TN:
SF:src\components\lose-screen\lose-screen.tsx
FN:10,(anonymous_1)
FNF:1
FNH:1
FNDA:4,(anonymous_1)
DA:1,3
DA:3,3
DA:10,3
DA:11,4
LF:4
LH:4
BRDA:16,0,0,4
BRDA:16,0,1,0
BRF:2
BRH:1
end_of_record
TN:
SF:src\components\mistakes\mistakes.tsx
FN:9,(anonymous_1)
FNF:1
FNH:1
FNDA:4,(anonymous_1)
DA:1,4
DA:3,4
DA:9,4
DA:11,4
DA:13,3
DA:21,1
DA:29,0
DA:37,0
DA:45,0
LF:9
LH:6
BRDA:12,0,0,3
BRDA:12,0,1,1
BRDA:12,0,2,0
BRDA:12,0,3,0
BRDA:12,0,4,0
BRF:5
BRH:2
end_of_record
TN:
SF:src\components\screen-hello\screen-hello.tsx
FN:11,(anonymous_1)
FNF:1
FNH:1
FNDA:6,(anonymous_1)
DA:1,3
DA:3,3
DA:11,3
DA:12,6
LF:4
LH:4
BRF:0
BRH:0
end_of_record
TN:
SF:src\components\timer\timer.tsx
FN:24,(anonymous_6)
FN:43,(anonymous_7)
FN:80,(anonymous_8)
FN:91,(anonymous_9)
FN:99,(anonymous_10)
FN:106,(anonymous_11)
FNF:6
FNH:4
FNDA:8,(anonymous_6)
FNDA:0,(anonymous_7)
FNDA:0,(anonymous_8)
FNDA:8,(anonymous_9)
FNDA:1,(anonymous_10)
FNDA:9,(anonymous_11)
DA:1,5
DA:3,5
DA:15,5
DA:25,8
DA:27,8
DA:32,8
DA:33,8
DA:34,8
DA:35,8
DA:36,8
DA:37,8
DA:38,8
DA:39,8
DA:40,8
DA:44,0
DA:45,0
DA:46,0
DA:48,0
DA:49,0
DA:51,0
DA:53,0
DA:54,0
DA:57,0
DA:58,0
DA:61,0
DA:62,0
DA:65,0
DA:66,0
DA:69,0
DA:70,0
DA:71,0
DA:74,0
DA:75,0
DA:76,0
DA:81,0
DA:84,0
DA:85,0
DA:87,0
DA:92,8
DA:93,8
DA:94,8
DA:95,8
DA:100,1
DA:101,1
DA:102,1
DA:103,1
DA:107,9
DA:109,9
DA:110,1
DA:113,9
LF:50
LH:26
BRDA:53,0,0,0
BRDA:53,0,1,0
BRDA:57,1,0,0
BRDA:57,1,1,0
BRDA:61,2,0,0
BRDA:61,2,1,0
BRDA:61,3,0,0
BRDA:61,3,1,0
BRDA:65,4,0,0
BRDA:65,4,1,0
BRDA:69,5,0,0
BRDA:69,5,1,0
BRDA:74,6,0,0
BRDA:74,6,1,0
BRDA:74,7,0,0
BRDA:74,7,1,0
BRDA:84,8,0,0
BRDA:84,8,1,0
BRDA:109,9,0,1
BRDA:109,9,1,8
BRDA:109,10,0,9
BRDA:109,10,1,1
BRF:22
BRH:4
end_of_record
TN:
SF:src\components\win-screen\win-screen.tsx
FN:15,(anonymous_1)
FNF:1
FNH:1
FNDA:4,(anonymous_1)
DA:1,3
DA:3,3
DA:4,3
DA:15,3
DA:16,4
DA:18,4
LF:6
LH:6
BRDA:25,0,0,0
BRDA:25,0,1,4
BRF:2
BRH:1
end_of_record
TN:
SF:src\data\mock-data.ts
FNF:0
FNH:0
DA:1,1
LF:1
LH:1
BRF:0
BRH:0
end_of_record
TN:
SF:src\hocs\with-active-player\with-active-player.tsx
FN:16,(anonymous_7)
FN:21,(anonymous_8)
FN:29,(anonymous_9)
FN:30,(anonymous_10)
FN:35,(anonymous_11)
FN:40,(anonymous_12)
FN:44,(anonymous_13)
FNF:7
FNH:3
FNDA:3,(anonymous_7)
FNDA:1,(anonymous_8)
FNDA:0,(anonymous_9)
FNDA:0,(anonymous_10)
FNDA:1,(anonymous_11)
FNDA:0,(anonymous_12)
FNDA:0,(anonymous_13)
DA:1,2
DA:6,2
DA:16,2
DA:22,1
DA:24,1
DA:30,0
DA:36,1
DA:38,1
DA:41,0
DA:45,0
DA:53,3
LF:11
LH:8
BRDA:31,0,0,0
BRDA:31,0,1,0
BRF:2
BRH:0
end_of_record
TN:
SF:src\hocs\with-user-answer\with-user-answer.tsx
FN:10,(anonymous_6)
FN:15,(anonymous_7)
FN:23,(anonymous_8)
FN:27,(anonymous_9)
FN:36,(anonymous_10)
FNF:5
FNH:3
FNDA:3,(anonymous_6)
FNDA:1,(anonymous_7)
FNDA:1,(anonymous_8)
FNDA:0,(anonymous_9)
FNDA:0,(anonymous_10)
DA:1,2
DA:10,2
DA:16,1
DA:18,1
DA:24,1
DA:28,0
DA:37,0
DA:38,0
DA:39,0
DA:55,3
DA:58,2
LF:11
LH:7
BRF:0
BRH:0
end_of_record
TN:
SF:src\reducer\reducer.ts
FN:3,(anonymous_0)
FN:7,(anonymous_1)
FN:8,(anonymous_2)
FN:33,(anonymous_3)
FN:77,(anonymous_4)
FN:77,(anonymous_5)
FN:79,(anonymous_6)
FN:86,(anonymous_7)
FN:92,(anonymous_8)
FN:115,(anonymous_9)
FN:121,(anonymous_10)
FN:124,(anonymous_11)
FN:130,(anonymous_12)
FN:136,(anonymous_13)
FN:139,(anonymous_14)
FNF:15
FNH:7
FNDA:5,(anonymous_0)
FNDA:4,(anonymous_1)
FNDA:13,(anonymous_2)
FNDA:8,(anonymous_3)
FNDA:0,(anonymous_4)
FNDA:0,(anonymous_5)
FNDA:0,(anonymous_6)
FNDA:1,(anonymous_7)
FNDA:5,(anonymous_8)
FNDA:1,(anonymous_9)
FNDA:0,(anonymous_10)
FNDA:0,(anonymous_11)
FNDA:0,(anonymous_12)
FNDA:0,(anonymous_13)
FNDA:0,(anonymous_14)
DA:3,2
DA:4,5
DA:7,2
DA:8,13
DA:23,2
DA:33,2
DA:34,8
DA:36,1
DA:40,2
DA:44,1
DA:46,2
DA:50,0
DA:54,0
DA:58,0
DA:62,0
DA:67,0
DA:72,2
DA:76,2
DA:77,0
DA:78,0
DA:80,0
DA:85,2
DA:87,1
DA:93,5
DA:95,5
DA:97,3
DA:98,3
DA:100,2
DA:101,2
DA:104,5
DA:105,1
DA:110,4
DA:116,1
DA:121,0
DA:125,0
DA:131,0
DA:136,0
DA:139,0
DA:147,2
DA:148,2
DA:149,2
DA:150,2
DA:151,2
LF:43
LH:30
BRDA:33,0,0,2
BRDA:35,1,0,1
BRDA:35,1,1,2
BRDA:35,1,2,1
BRDA:35,1,3,2
BRDA:35,1,4,0
BRDA:35,1,5,0
BRDA:35,1,6,0
BRDA:35,1,7,0
BRDA:35,1,8,0
BRDA:35,1,9,2
BRDA:96,2,0,3
BRDA:96,2,1,2
BRDA:104,3,0,1
BRDA:104,3,1,4
BRDA:104,4,0,5
BRDA:104,4,1,3
BRDA:112,5,0,2
BRDA:112,5,1,2
BRF:19
BRH:14
end_of_record
